<?xml version="1.0" encoding="UTF-8"?>
<testng-results ignored="0" total="1" passed="1" failed="0" skipped="0">
  <reporter-output>
  </reporter-output>
  <suite started-at="2021-04-06T09:29:53 CEST" name="Default suite" finished-at="2021-04-06T09:29:59 CEST" duration-ms="6518">
    <groups>
    </groups>
    <test started-at="2021-04-06T09:29:53 CEST" name="Default test" finished-at="2021-04-06T09:29:59 CEST" duration-ms="6518">
      <class name="Academy.HomePage">
        <test-method signature="initialize()[pri:0, instance:Academy.HomePage@3246fb96]" started-at="2021-04-06T09:29:53 CEST" name="initialize" finished-at="2021-04-06T09:29:59 CEST" duration-ms="6483" status="PASS">
          <reporter-output>
          </reporter-output>
        </test-method> <!-- initialize -->
      </class> <!-- Academy.HomePage -->
    </test> <!-- Default test -->
  </suite> <!-- Default suite -->
</testng-results>
